c:\users\catagh\source\repos\mapitoolkit\intermediate\mapitoolkit\win32\debug\mapitoolkit.pdb
c:\users\catagh\source\repos\mapitoolkit\intermediate\mapitoolkit\win32\debug\mapitoolkit.idb
c:\users\catagh\source\repos\mapitoolkit\intermediate\mapitoolkit\win32\debug\registryhelper.obj
c:\users\catagh\source\repos\mapitoolkit\intermediate\mapitoolkit\win32\debug\pst.obj
c:\users\catagh\source\repos\mapitoolkit\intermediate\mapitoolkit\win32\debug\profile.obj
c:\users\catagh\source\repos\mapitoolkit\intermediate\mapitoolkit\win32\debug\ldapab.obj
c:\users\catagh\source\repos\mapitoolkit\intermediate\mapitoolkit\win32\debug\exchangeaccount.obj
c:\users\catagh\source\repos\mapitoolkit\intermediate\mapitoolkit\win32\debug\cachedmode.obj
c:\users\catagh\source\repos\mapitoolkit\intermediate\mapitoolkit\win32\debug\additionalmailbox.obj
c:\users\catagh\source\repos\mapitoolkit\intermediate\mapitoolkit\win32\debug\xmlhelper.obj
c:\users\catagh\source\repos\mapitoolkit\intermediate\mapitoolkit\win32\debug\stringoperations.obj
c:\users\catagh\source\repos\mapitoolkit\intermediate\mapitoolkit\win32\debug\adhelper.obj
c:\users\catagh\source\repos\mapitoolkit\intermediate\mapitoolkit\win32\debug\toolkit.obj
c:\users\catagh\source\repos\mapitoolkit\intermediate\mapitoolkit\win32\debug\logger.obj
c:\users\catagh\source\repos\mapitoolkit\win32\debug\mapitoolkit.lib
c:\users\catagh\source\repos\mapitoolkit\intermediate\mapitoolkit\win32\debug\msxml6.tli
c:\users\catagh\source\repos\mapitoolkit\intermediate\mapitoolkit\win32\debug\msxml6.tlh
c:\users\catagh\source\repos\mapitoolkit\win32\debug\mapitoolkit.pdb
c:\users\catagh\source\repos\mapitoolkit\intermediate\mapitoolkit\win32\debug\mapitoolkit.tlog\cl.command.1.tlog
c:\users\catagh\source\repos\mapitoolkit\intermediate\mapitoolkit\win32\debug\mapitoolkit.tlog\cl.read.1.tlog
c:\users\catagh\source\repos\mapitoolkit\intermediate\mapitoolkit\win32\debug\mapitoolkit.tlog\cl.write.1.tlog
c:\users\catagh\source\repos\mapitoolkit\intermediate\mapitoolkit\win32\debug\mapitoolkit.tlog\lib-link.read.1.tlog
c:\users\catagh\source\repos\mapitoolkit\intermediate\mapitoolkit\win32\debug\mapitoolkit.tlog\lib-link.write.1.tlog
c:\users\catagh\source\repos\mapitoolkit\intermediate\mapitoolkit\win32\debug\mapitoolkit.tlog\lib.command.1.tlog
