c:\users\anixi\documents\github\mapitoolkit\intermediate\mapitoolkit\x64\debug\mapitoolkit.pdb
c:\users\anixi\documents\github\mapitoolkit\intermediate\mapitoolkit\x64\debug\mapitoolkit.idb
c:\users\anixi\documents\github\mapitoolkit\intermediate\mapitoolkit\x64\debug\registryhelper.obj
c:\users\anixi\documents\github\mapitoolkit\intermediate\mapitoolkit\x64\debug\pst.obj
c:\users\anixi\documents\github\mapitoolkit\intermediate\mapitoolkit\x64\debug\profile.obj
c:\users\anixi\documents\github\mapitoolkit\intermediate\mapitoolkit\x64\debug\ldapab.obj
c:\users\anixi\documents\github\mapitoolkit\intermediate\mapitoolkit\x64\debug\exchangeaccount.obj
c:\users\anixi\documents\github\mapitoolkit\intermediate\mapitoolkit\x64\debug\cachedmode.obj
c:\users\anixi\documents\github\mapitoolkit\intermediate\mapitoolkit\x64\debug\additionalmailbox.obj
c:\users\anixi\documents\github\mapitoolkit\intermediate\mapitoolkit\x64\debug\xmlhelper.obj
c:\users\anixi\documents\github\mapitoolkit\intermediate\mapitoolkit\x64\debug\stringoperations.obj
c:\users\anixi\documents\github\mapitoolkit\intermediate\mapitoolkit\x64\debug\adhelper.obj
c:\users\anixi\documents\github\mapitoolkit\intermediate\mapitoolkit\x64\debug\toolkit.obj
c:\users\anixi\documents\github\mapitoolkit\intermediate\mapitoolkit\x64\debug\logger.obj
c:\users\anixi\documents\github\mapitoolkit\x64\debug\mapitoolkit.lib
c:\users\anixi\documents\github\mapitoolkit\intermediate\mapitoolkit\x64\debug\msxml6.tli
c:\users\anixi\documents\github\mapitoolkit\intermediate\mapitoolkit\x64\debug\msxml6.tlh
c:\users\anixi\documents\github\mapitoolkit\x64\debug\mapitoolkit.pdb
c:\users\anixi\documents\github\mapitoolkit\intermediate\mapitoolkit\x64\debug\mapitoolkit.tlog\cl.command.1.tlog
c:\users\anixi\documents\github\mapitoolkit\intermediate\mapitoolkit\x64\debug\mapitoolkit.tlog\cl.read.1.tlog
c:\users\anixi\documents\github\mapitoolkit\intermediate\mapitoolkit\x64\debug\mapitoolkit.tlog\cl.write.1.tlog
c:\users\anixi\documents\github\mapitoolkit\intermediate\mapitoolkit\x64\debug\mapitoolkit.tlog\lib-link.read.1.tlog
c:\users\anixi\documents\github\mapitoolkit\intermediate\mapitoolkit\x64\debug\mapitoolkit.tlog\lib-link.write.1.tlog
c:\users\anixi\documents\github\mapitoolkit\intermediate\mapitoolkit\x64\debug\mapitoolkit.tlog\lib.command.1.tlog
